[2025-07-30 20:24:03] Updated existing pre-commit hook: /Users/bahram/ws/prj/workspace/.git/hooks/pre-commit
[2025-07-31 00:27:31] Updated version to: 0.36.31020 (file: version.txt)
[2025-07-31 00:27:31] Rendered template: RELEASE.md
[2025-07-31 00:28:01] Updated version to: 0.37.31851 (file: version.txt)
[2025-07-31 00:28:01] Rendered template: RELEASE.md
[2025-07-31 00:28:01] Added to git: version.txt
[2025-07-31 00:28:01] Added to git: RELEASE.md
[2025-07-31 19:14:06] Updated version to: 0.40.36332 (file: version.txt)
[2025-07-31 19:14:06] Rendered template: RELEASE.md
[2025-07-31 19:14:06] Added to git: version.txt
[2025-07-31 19:14:06] Added to git: RELEASE.md
[2025-08-03 19:49:55 UTC] Updated version to: 0.41.38063
[2025-08-03 19:49:56 UTC] Added file to git: version.txt
[2025-08-03 19:49:56 UTC] Added file to git: RELEASE.md
[2025-08-03 21:53:23 UTC] Updated version to: 0.42.55914
[2025-08-03 21:53:24 UTC] Added file to git: version.txt
[2025-08-03 21:53:24 UTC] Added file to git: RELEASE.md
[2025-08-05 15:37:44 UTC] Updated version to: 0.43.56532
[2025-08-05 15:37:44 UTC] Added file to git: version.txt
[2025-08-05 15:37:44 UTC] Added file to git: RELEASE.md
[2025-08-06 11:59:17 UTC] Updated version to: 0.44.68455
[2025-08-06 11:59:17 UTC] Added file to git: version.txt
[2025-08-06 11:59:17 UTC] Added file to git: RELEASE.md
[2025-08-08 21:08:52 UTC] Updated version to: 0.45.72626
[2025-08-08 21:08:52 UTC] Added file to git: version.txt
[2025-08-08 21:08:52 UTC] Added file to git: RELEASE.md
[2025-08-08 22:14:11 UTC] Updated version to: 0.46.79711
[2025-08-08 22:14:12 UTC] Added file to git: version.txt
[2025-08-08 22:14:12 UTC] Added file to git: RELEASE.md
