[2025-07-30 20:24:03] Updated existing pre-commit hook: /Users/bahram/ws/prj/workspace/.git/hooks/pre-commit
[2025-07-31 00:27:31] Updated version to: 0.36.31020 (file: version.txt)
[2025-07-31 00:27:31] Rendered template: RELEASE.md
[2025-07-31 00:28:01] Updated version to: 0.37.31851 (file: version.txt)
[2025-07-31 00:28:01] Rendered template: RELEASE.md
[2025-07-31 00:28:01] Added to git: version.txt
[2025-07-31 00:28:01] Added to git: RELEASE.md
[2025-07-31 19:14:06] Updated version to: 0.40.36332 (file: version.txt)
[2025-07-31 19:14:06] Rendered template: RELEASE.md
[2025-07-31 19:14:06] Added to git: version.txt
[2025-07-31 19:14:06] Added to git: RELEASE.md
[2025-08-03 19:49:55 UTC] Updated version to: 0.41.38063
[2025-08-03 19:49:56 UTC] Added file to git: version.txt
[2025-08-03 19:49:56 UTC] Added file to git: RELEASE.md
[2025-08-03 21:53:23 UTC] Updated version to: 0.42.55914
[2025-08-03 21:53:24 UTC] Added file to git: version.txt
[2025-08-03 21:53:24 UTC] Added file to git: RELEASE.md
[2025-08-05 15:37:44 UTC] Updated version to: 0.43.56532
[2025-08-05 15:37:44 UTC] Added file to git: version.txt
[2025-08-05 15:37:44 UTC] Added file to git: RELEASE.md
[2025-08-06 11:59:17 UTC] Updated version to: 0.44.68455
[2025-08-06 11:59:17 UTC] Added file to git: version.txt
[2025-08-06 11:59:17 UTC] Added file to git: RELEASE.md
[2025-08-08 21:08:52 UTC] Updated version to: 0.45.72626
[2025-08-08 21:08:52 UTC] Added file to git: version.txt
[2025-08-08 21:08:52 UTC] Added file to git: RELEASE.md
[2025-08-08 22:14:11 UTC] Updated version to: 0.46.79711
[2025-08-08 22:14:12 UTC] Added file to git: version.txt
[2025-08-08 22:14:12 UTC] Added file to git: RELEASE.md
[2025-08-10 06:39:05 UTC] Updated version to: 0.47.89305
[2025-08-10 06:39:05 UTC] Added file to git: version.txt
[2025-08-10 06:39:05 UTC] Added file to git: RELEASE.md
[2025-08-10 08:57:24 UTC] Updated version to: 0.48.108153
[2025-08-10 08:57:25 UTC] Added file to git: version.txt
[2025-08-10 08:57:25 UTC] Added file to git: RELEASE.md
[2025-08-10 09:13:43 UTC] Updated version to: 0.49.110943
[2025-08-10 09:13:45 UTC] Added file to git: version.txt
[2025-08-10 09:13:45 UTC] Added file to git: RELEASE.md
[2025-08-10 09:47:17 UTC] Updated version to: 0.50.111008
[2025-08-10 09:47:18 UTC] Added file to git: version.txt
[2025-08-10 09:47:18 UTC] Added file to git: RELEASE.md
[2025-08-10 11:51:52 UTC] Updated version to: 0.51.111040
[2025-08-10 11:51:53 UTC] Added file to git: version.txt
[2025-08-10 11:51:53 UTC] Added file to git: RELEASE.md
[2025-08-10 18:05:23 UTC] Updated version to: 0.52.111061
[2025-08-10 18:05:25 UTC] Added file to git: version.txt
[2025-08-10 18:05:25 UTC] Added file to git: RELEASE.md
[2025-08-17 10:42:48 UTC] Updated version to: 0.53.111076
[2025-08-17 10:42:50 UTC] Added file to git: version.txt
[2025-08-17 10:42:50 UTC] Added file to git: RELEASE.md
[2025-08-23 17:21:38 UTC] Updated version to: 0.54.124840
[2025-08-23 17:21:38 UTC] Added file to git: version.txt
[2025-08-23 17:21:38 UTC] Added file to git: RELEASE.md
[2025-08-24 13:07:56.544 INFO  workspace::logging] Logging initialized: /Users/bahram/ws/prj/workspace/.ws/logs/ws.log
[2025-08-24 13:07:56.545 INFO  workspace::logging] Logging initialized: /Users/bahram/ws/prj/workspace/.ws/logs/ws.log
[2025-08-24 13:07:56.545 DEBUG workspace::logging] Debug logging enabled, console level: Warn
[2025-08-24 13:07:56.545 DEBUG workspace::logging] Debug logging enabled, console level: Warn
[2025-08-24 13:07:56.545 INFO  workspace::logging] Workspace v0.54.124840
[2025-08-24 13:07:56.545 INFO  workspace::logging] Workspace v0.54.124840
[2025-08-24 13:07:56.545 INFO  ws] Starting workspace tool suite
[2025-08-24 13:08:16.162 INFO  workspace::logging] Logging initialized: /Users/bahram/ws/prj/workspace/.ws/logs/ws.log
[2025-08-24 13:08:16.164 INFO  workspace::logging] Logging initialized: /Users/bahram/ws/prj/workspace/.ws/logs/ws.log
[2025-08-24 13:08:16.164 DEBUG workspace::logging] Debug logging enabled, console level: Warn
[2025-08-24 13:08:16.164 DEBUG workspace::logging] Debug logging enabled, console level: Warn
[2025-08-24 13:08:16.164 INFO  workspace::logging] Workspace v0.54.124840
[2025-08-24 13:08:16.164 INFO  workspace::logging] Workspace v0.54.124840
[2025-08-24 13:08:16.164 INFO  ws] Starting workspace tool suite
[2025-08-24 13:08:16.268 INFO  workspace::entities::database] Database indexes created successfully
[2025-08-24 13:08:16.268 INFO  workspace::entities::database] Database indexes created successfully
[2025-08-24 13:08:16.268 INFO  workspace::entities::database] Database tables initialized successfully
[2025-08-24 13:08:16.268 INFO  workspace::entities::database] Database tables initialized successfully
[2025-08-24 13:08:16.288 ERROR ws] Application error: error returned from database: (code: 787) FOREIGN KEY constraint failed: (code: 787) FOREIGN KEY constraint failed
[2025-08-24 13:08:34.717 INFO  workspace::logging] Logging initialized: /Users/bahram/ws/prj/workspace/.ws/logs/ws.log
[2025-08-24 13:08:34.718 INFO  workspace::logging] Logging initialized: /Users/bahram/ws/prj/workspace/.ws/logs/ws.log
[2025-08-24 13:08:34.718 DEBUG workspace::logging] Debug logging enabled, console level: Warn
[2025-08-24 13:08:34.719 DEBUG workspace::logging] Debug logging enabled, console level: Warn
[2025-08-24 13:08:34.719 INFO  workspace::logging] Workspace v0.54.124840
[2025-08-24 13:08:34.719 INFO  workspace::logging] Workspace v0.54.124840
[2025-08-24 13:08:34.719 INFO  ws] Starting workspace tool suite
[2025-08-24 13:08:34.762 INFO  ws] Workspace tool completed successfully
[2025-08-24 13:17:30.410 INFO  workspace::logging] Logging initialized: /Users/bahram/ws/prj/workspace/.ws/logs/ws.log
[2025-08-24 13:17:30.412 INFO  workspace::logging] Logging initialized: /Users/bahram/ws/prj/workspace/.ws/logs/ws.log
[2025-08-24 13:17:30.412 DEBUG workspace::logging] Debug logging enabled, console level: Warn
[2025-08-24 13:17:30.413 DEBUG workspace::logging] Debug logging enabled, console level: Warn
[2025-08-24 13:17:30.413 INFO  workspace::logging] Workspace v0.54.124840
[2025-08-24 13:17:30.413 INFO  workspace::logging] Workspace v0.54.124840
[2025-08-24 13:17:30.413 INFO  ws] Starting workspace tool suite
[2025-08-24 13:17:58.278 INFO  workspace::logging] Logging initialized: /Users/bahram/ws/prj/workspace/.ws/logs/ws.log
[2025-08-24 13:17:58.280 INFO  workspace::logging] Logging initialized: /Users/bahram/ws/prj/workspace/.ws/logs/ws.log
[2025-08-24 13:17:58.280 DEBUG workspace::logging] Debug logging enabled, console level: Warn
[2025-08-24 13:17:58.281 DEBUG workspace::logging] Debug logging enabled, console level: Warn
[2025-08-24 13:17:58.281 INFO  workspace::logging] Workspace v0.54.124840
[2025-08-24 13:17:58.281 INFO  workspace::logging] Workspace v0.54.124840
[2025-08-24 13:17:58.281 INFO  ws] Starting workspace tool suite
[2025-08-24 13:17:58.453 INFO  workspace::entities::database] Database indexes created successfully
[2025-08-24 13:17:58.453 INFO  workspace::entities::database] Database indexes created successfully
[2025-08-24 13:17:58.453 INFO  workspace::entities::database] Database tables initialized successfully
[2025-08-24 13:17:58.453 INFO  workspace::entities::database] Database tables initialized successfully
[2025-08-24 13:17:58.457 ERROR ws] Application error: error returned from database: (code: 1) no such column: st8_enabled: (code: 1) no such column: st8_enabled
[2025-08-24 13:19:51.994 INFO  workspace::logging] Logging initialized: /Users/bahram/ws/prj/workspace/.ws/logs/ws.log
[2025-08-24 13:19:51.995 INFO  workspace::logging] Logging initialized: /Users/bahram/ws/prj/workspace/.ws/logs/ws.log
[2025-08-24 13:19:51.995 DEBUG workspace::logging] Debug logging enabled, console level: Warn
[2025-08-24 13:19:51.995 DEBUG workspace::logging] Debug logging enabled, console level: Warn
[2025-08-24 13:19:51.995 INFO  workspace::logging] Workspace v0.54.124840
[2025-08-24 13:19:51.995 INFO  workspace::logging] Workspace v0.54.124840
[2025-08-24 13:19:51.995 INFO  ws] Starting workspace tool suite
[2025-08-24 13:19:52.030 INFO  ws] Workspace tool completed successfully
[2025-08-24 13:37:00.361 INFO  workspace::logging] Logging initialized: /Users/bahram/ws/prj/workspace/.ws/logs/ws.log
[2025-08-24 13:37:00.362 INFO  workspace::logging] Logging initialized: /Users/bahram/ws/prj/workspace/.ws/logs/ws.log
[2025-08-24 13:37:00.362 DEBUG workspace::logging] Debug logging enabled, console level: Warn
[2025-08-24 13:37:00.363 DEBUG workspace::logging] Debug logging enabled, console level: Warn
[2025-08-24 13:37:00.363 INFO  workspace::logging] Workspace v0.54.124840
[2025-08-24 13:37:00.363 INFO  workspace::logging] Workspace v0.54.124840
[2025-08-24 13:37:00.363 INFO  ws] Starting workspace tool suite
[2025-08-24 13:38:01.006 INFO  workspace::logging] Logging initialized: /Users/bahram/ws/prj/workspace/.ws/logs/ws.log
[2025-08-24 13:38:01.007 INFO  workspace::logging] Logging initialized: /Users/bahram/ws/prj/workspace/.ws/logs/ws.log
[2025-08-24 13:38:01.007 DEBUG workspace::logging] Debug logging enabled, console level: Warn
[2025-08-24 13:38:01.007 DEBUG workspace::logging] Debug logging enabled, console level: Warn
[2025-08-24 13:38:01.007 INFO  workspace::logging] Workspace v0.54.124840
[2025-08-24 13:38:01.007 INFO  workspace::logging] Workspace v0.54.124840
[2025-08-24 13:38:01.007 INFO  ws] Starting workspace tool suite
[2025-08-24 13:38:01.012 INFO  workspace::logging] Starting update: no_git: false, git_add: true
[2025-08-24 13:38:01.012 INFO  workspace::logging] Starting update: no_git: false, git_add: true
[2025-08-24 13:38:01.077 INFO  workspace::entities::database] Database indexes created successfully
[2025-08-24 13:38:01.077 INFO  workspace::entities::database] Database indexes created successfully
[2025-08-24 13:38:01.077 INFO  workspace::entities::database] Database tables initialized successfully
[2025-08-24 13:38:01.077 INFO  workspace::entities::database] Database tables initialized successfully
[2025-08-24 13:38:01.085 ERROR ws] Application error: error returned from database: (code: 1) no such column: st8_enabled: (code: 1) no such column: st8_enabled
[2025-08-24 13:40:05.612 INFO  workspace::logging] Logging initialized: /Users/bahram/ws/prj/workspace/.ws/logs/ws.log
[2025-08-24 13:40:05.613 INFO  workspace::logging] Logging initialized: /Users/bahram/ws/prj/workspace/.ws/logs/ws.log
[2025-08-24 13:40:05.613 DEBUG workspace::logging] Debug logging enabled, console level: Warn
[2025-08-24 13:40:05.613 DEBUG workspace::logging] Debug logging enabled, console level: Warn
[2025-08-24 13:40:05.613 INFO  workspace::logging] Workspace v0.54.124840
[2025-08-24 13:40:05.613 INFO  workspace::logging] Workspace v0.54.124840
[2025-08-24 13:40:05.613 INFO  ws] Starting workspace tool suite
[2025-08-24 13:40:05.620 INFO  workspace::logging] Starting update: no_git: false, git_add: true
[2025-08-24 13:40:05.620 INFO  workspace::logging] Starting update: no_git: false, git_add: true
[2025-08-24 13:40:05.655 INFO  workspace::entities::database] Database indexes created successfully
[2025-08-24 13:40:05.655 INFO  workspace::entities::database] Database indexes created successfully
[2025-08-24 13:40:05.655 INFO  workspace::entities::database] Database tables initialized successfully
[2025-08-24 13:40:05.655 INFO  workspace::entities::database] Database tables initialized successfully
[2025-08-24 13:40:05.657 ERROR ws] Application error: error returned from database: (code: 1) no such column: st8_enabled: (code: 1) no such column: st8_enabled
[2025-08-24 13:56:29.972 INFO  workspace::logging] Logging initialized: /Users/bahram/ws/prj/workspace/.ws/logs/ws.log
[2025-08-24 13:56:29.974 INFO  workspace::logging] Logging initialized: /Users/bahram/ws/prj/workspace/.ws/logs/ws.log
[2025-08-24 13:56:29.974 DEBUG workspace::logging] Debug logging enabled, console level: Warn
[2025-08-24 13:56:29.975 DEBUG workspace::logging] Debug logging enabled, console level: Warn
[2025-08-24 13:56:29.975 INFO  workspace::logging] Workspace v0.54.124840
[2025-08-24 13:56:29.975 INFO  workspace::logging] Workspace v0.54.124840
[2025-08-24 13:56:29.975 INFO  ws] Starting workspace tool suite
[2025-08-24 13:56:29.988 INFO  workspace::logging] Starting update: no_git: false, git_add: true
[2025-08-24 13:56:29.988 INFO  workspace::logging] Starting update: no_git: false, git_add: true
[2025-08-24 13:56:30.050 INFO  workspace::entities::database] Database indexes created successfully
[2025-08-24 13:56:30.050 INFO  workspace::entities::database] Database indexes created successfully
[2025-08-24 13:56:30.050 INFO  workspace::entities::database] Database tables initialized successfully
[2025-08-24 13:56:30.050 INFO  workspace::entities::database] Database tables initialized successfully
[2025-08-24 13:56:30.054 ERROR ws] Application error: error returned from database: (code: 1) no such column: st8_enabled: (code: 1) no such column: st8_enabled
[2025-08-24 13:57:47.563 INFO  workspace::logging] Logging initialized: /Users/bahram/ws/prj/workspace/.ws/logs/ws.log
[2025-08-24 13:57:47.564 INFO  workspace::logging] Logging initialized: /Users/bahram/ws/prj/workspace/.ws/logs/ws.log
[2025-08-24 13:57:47.564 DEBUG workspace::logging] Debug logging enabled, console level: Warn
[2025-08-24 13:57:47.564 DEBUG workspace::logging] Debug logging enabled, console level: Warn
[2025-08-24 13:57:47.564 INFO  workspace::logging] Workspace v0.54.124840
[2025-08-24 13:57:47.564 INFO  workspace::logging] Workspace v0.54.124840
[2025-08-24 13:57:47.564 INFO  ws] Starting workspace tool suite
[2025-08-24 13:57:47.566 INFO  workspace::logging] Starting update: no_git: false, git_add: true
[2025-08-24 13:57:47.566 INFO  workspace::logging] Starting update: no_git: false, git_add: true
[2025-08-24 13:57:47.599 INFO  workspace::entities::database] Database indexes created successfully
[2025-08-24 13:57:47.599 INFO  workspace::entities::database] Database indexes created successfully
[2025-08-24 13:57:47.599 INFO  workspace::entities::database] Database tables initialized successfully
[2025-08-24 13:57:47.599 INFO  workspace::entities::database] Database tables initialized successfully
[2025-08-24 13:57:47.601 ERROR ws] Application error: error returned from database: (code: 1) no such column: version_file: (code: 1) no such column: version_file
[2025-08-24 13:58:15.851 INFO  workspace::logging] Logging initialized: /Users/bahram/ws/prj/workspace/.ws/logs/ws.log
[2025-08-24 13:58:15.852 INFO  workspace::logging] Logging initialized: /Users/bahram/ws/prj/workspace/.ws/logs/ws.log
[2025-08-24 13:58:15.852 DEBUG workspace::logging] Debug logging enabled, console level: Warn
[2025-08-24 13:58:15.852 DEBUG workspace::logging] Debug logging enabled, console level: Warn
[2025-08-24 13:58:15.852 INFO  workspace::logging] Workspace v0.54.124840
[2025-08-24 13:58:15.852 INFO  workspace::logging] Workspace v0.54.124840
[2025-08-24 13:58:15.852 INFO  ws] Starting workspace tool suite
[2025-08-24 13:58:15.857 INFO  workspace::logging] Starting update: no_git: false, git_add: true
[2025-08-24 13:58:15.857 INFO  workspace::logging] Starting update: no_git: false, git_add: true
[2025-08-24 13:58:16.000 INFO  workspace::entities::database] Database indexes created successfully
[2025-08-24 13:58:16.000 INFO  workspace::entities::database] Database indexes created successfully
[2025-08-24 13:58:16.000 INFO  workspace::entities::database] Database tables initialized successfully
[2025-08-24 13:58:16.000 INFO  workspace::entities::database] Database tables initialized successfully
[2025-08-24 13:58:16.006 INFO  workspace::entities::database] Setting initial schema version to 1
[2025-08-24 13:58:16.006 INFO  workspace::entities::database] Setting initial schema version to 1
[2025-08-24 13:58:16.042 INFO  workspace::entities::database] Database indexes created successfully
[2025-08-24 13:58:16.042 INFO  workspace::entities::database] Database indexes created successfully
[2025-08-24 13:58:16.042 INFO  workspace::entities::database] Database tables initialized successfully
[2025-08-24 13:58:16.042 INFO  workspace::entities::database] Database tables initialized successfully
[2025-08-24 13:58:16.541 INFO  ws] Version updated to: 0.55.147140
[2025-08-24 13:58:16.919 INFO  ws] Rendered 1 templates: RELEASE.md
[2025-08-24 13:58:16.945 INFO  workspace::entities::database] Database indexes created successfully
[2025-08-24 13:58:16.946 INFO  workspace::entities::database] Database indexes created successfully
[2025-08-24 13:58:16.946 INFO  workspace::entities::database] Database tables initialized successfully
[2025-08-24 13:58:16.946 INFO  workspace::entities::database] Database tables initialized successfully
[2025-08-24 13:58:17.495 INFO  workspace::st8::st8_common] Updated project files: /Users/bahram/ws/prj/workspace/Cargo.toml, /Users/bahram/ws/prj/workspace/package.json
[2025-08-24 13:58:17.495 INFO  workspace::st8::st8_common] Updated project files: /Users/bahram/ws/prj/workspace/Cargo.toml, /Users/bahram/ws/prj/workspace/package.json
[2025-08-24 13:58:17.495 INFO  ws] Updated version file: version.txt
[2025-08-24 13:58:17.532 INFO  workspace::logging] Completed update in 1.68s
[2025-08-24 13:58:17.532 INFO  workspace::logging] Completed update in 1.68s
[2025-08-24 13:58:17.532 INFO  ws] Workspace tool completed successfully
[2025-08-24 13:58:21.363 INFO  workspace::logging] Logging initialized: /Users/bahram/ws/prj/workspace/.ws/logs/ws.log
[2025-08-24 13:58:21.363 INFO  workspace::logging] Logging initialized: /Users/bahram/ws/prj/workspace/.ws/logs/ws.log
[2025-08-24 13:58:21.363 DEBUG workspace::logging] Debug logging enabled, console level: Warn
[2025-08-24 13:58:21.363 DEBUG workspace::logging] Debug logging enabled, console level: Warn
[2025-08-24 13:58:21.363 INFO  workspace::logging] Workspace v0.54.124840
[2025-08-24 13:58:21.363 INFO  workspace::logging] Workspace v0.54.124840
[2025-08-24 13:58:21.364 INFO  ws] Starting workspace tool suite
[2025-08-24 13:58:21.364 INFO  workspace::logging] Starting update: no_git: false, git_add: true
[2025-08-24 13:58:21.364 INFO  workspace::logging] Starting update: no_git: false, git_add: true
[2025-08-24 13:58:21.381 INFO  workspace::entities::database] Database indexes created successfully
[2025-08-24 13:58:21.381 INFO  workspace::entities::database] Database indexes created successfully
[2025-08-24 13:58:21.381 INFO  workspace::entities::database] Database tables initialized successfully
[2025-08-24 13:58:21.381 INFO  workspace::entities::database] Database tables initialized successfully
[2025-08-24 13:58:21.410 INFO  workspace::entities::database] Database indexes created successfully
[2025-08-24 13:58:21.410 INFO  workspace::entities::database] Database indexes created successfully
[2025-08-24 13:58:21.410 INFO  workspace::entities::database] Database tables initialized successfully
[2025-08-24 13:58:21.410 INFO  workspace::entities::database] Database tables initialized successfully
[2025-08-24 13:58:21.846 INFO  ws] Version updated to: 0.56.181850
[2025-08-24 13:58:22.272 INFO  ws] Rendered 1 templates: RELEASE.md
[2025-08-24 13:58:22.293 INFO  workspace::entities::database] Database indexes created successfully
[2025-08-24 13:58:22.293 INFO  workspace::entities::database] Database indexes created successfully
[2025-08-24 13:58:22.293 INFO  workspace::entities::database] Database tables initialized successfully
[2025-08-24 13:58:22.293 INFO  workspace::entities::database] Database tables initialized successfully
[2025-08-24 13:58:22.759 INFO  workspace::st8::st8_common] Updated project files: /Users/bahram/ws/prj/workspace/Cargo.toml, /Users/bahram/ws/prj/workspace/package.json
[2025-08-24 13:58:22.759 INFO  workspace::st8::st8_common] Updated project files: /Users/bahram/ws/prj/workspace/Cargo.toml, /Users/bahram/ws/prj/workspace/package.json
[2025-08-24 13:58:22.759 INFO  ws] Updated version file: version.txt
[2025-08-24 13:58:22.881 INFO  workspace::logging] Completed update in 1.52s
[2025-08-24 13:58:22.881 INFO  workspace::logging] Completed update in 1.52s
[2025-08-24 13:58:22.881 INFO  ws] Workspace tool completed successfully
[2025-08-24 14:05:07.951 INFO  workspace::logging] Logging initialized: /Users/bahram/ws/prj/workspace/.ws/logs/ws.log
[2025-08-24 14:05:07.952 INFO  workspace::logging] Logging initialized: /Users/bahram/ws/prj/workspace/.ws/logs/ws.log
[2025-08-24 14:05:07.952 DEBUG workspace::logging] Debug logging enabled, console level: Warn
[2025-08-24 14:05:07.952 DEBUG workspace::logging] Debug logging enabled, console level: Warn
[2025-08-24 14:05:07.952 INFO  workspace::logging] Workspace v0.56.181850
[2025-08-24 14:05:07.952 INFO  workspace::logging] Workspace v0.56.181850
[2025-08-24 14:05:07.952 INFO  ws] Starting workspace tool suite
[2025-08-24 14:05:07.952 INFO  workspace::logging] Starting update: no_git: false, git_add: true
[2025-08-24 14:05:07.952 INFO  workspace::logging] Starting update: no_git: false, git_add: true
[2025-08-24 14:05:07.962 INFO  workspace::entities::database] Database indexes created successfully
[2025-08-24 14:05:07.962 INFO  workspace::entities::database] Database indexes created successfully
[2025-08-24 14:05:07.962 INFO  workspace::entities::database] Database tables initialized successfully
[2025-08-24 14:05:07.962 INFO  workspace::entities::database] Database tables initialized successfully
[2025-08-24 14:05:07.974 INFO  workspace::entities::database] Database indexes created successfully
[2025-08-24 14:05:07.974 INFO  workspace::entities::database] Database indexes created successfully
[2025-08-24 14:05:07.974 INFO  workspace::entities::database] Database tables initialized successfully
[2025-08-24 14:05:07.974 INFO  workspace::entities::database] Database tables initialized successfully
[2025-08-24 14:05:08.232 INFO  ws] Version updated to: 0.56.181850
[2025-08-24 14:05:08.380 INFO  ws] Rendered 1 templates: RELEASE.md
[2025-08-24 14:05:08.380 INFO  ws] Template rendered: RELEASE.md
[2025-08-24 14:05:08.386 INFO  workspace::entities::database] Database indexes created successfully
[2025-08-24 14:05:08.386 INFO  workspace::entities::database] Database indexes created successfully
[2025-08-24 14:05:08.386 INFO  workspace::entities::database] Database tables initialized successfully
[2025-08-24 14:05:08.386 INFO  workspace::entities::database] Database tables initialized successfully
[2025-08-24 14:05:08.529 INFO  workspace::st8::st8_common] Version 0.56.181850 is already up to date
[2025-08-24 14:05:08.529 INFO  workspace::st8::st8_common] Version 0.56.181850 is already up to date
[2025-08-24 14:05:08.529 INFO  ws] Updated version file: version.txt
[2025-08-24 14:05:08.539 INFO  ws] Added file to git: version.txt
[2025-08-24 14:05:08.545 INFO  ws] Added file to git: RELEASE.md
[2025-08-24 14:05:08.545 INFO  workspace::logging] Completed update in 0.59s
[2025-08-24 14:05:08.545 INFO  workspace::logging] Completed update in 0.59s
[2025-08-24 14:05:08.545 INFO  ws] Workspace tool completed successfully
[2025-08-24 14:13:31.324 INFO  workspace::logging] Logging initialized: /Users/bahram/ws/prj/workspace/.ws/logs/ws.log
[2025-08-24 14:13:31.325 INFO  workspace::logging] Logging initialized: /Users/bahram/ws/prj/workspace/.ws/logs/ws.log
[2025-08-24 14:13:31.325 DEBUG workspace::logging] Debug logging enabled, console level: Warn
[2025-08-24 14:13:31.325 DEBUG workspace::logging] Debug logging enabled, console level: Warn
[2025-08-24 14:13:31.325 INFO  workspace::logging] Workspace v0.56.181850
[2025-08-24 14:13:31.325 INFO  workspace::logging] Workspace v0.56.181850
[2025-08-24 14:13:31.325 INFO  ws] Starting workspace tool suite
[2025-08-24 14:13:31.327 INFO  workspace::logging] Starting update: no_git: false, git_add: true
[2025-08-24 14:13:31.327 INFO  workspace::logging] Starting update: no_git: false, git_add: true
[2025-08-24 14:13:31.351 INFO  workspace::entities::database] Database indexes created successfully
[2025-08-24 14:13:31.351 INFO  workspace::entities::database] Database indexes created successfully
[2025-08-24 14:13:31.351 INFO  workspace::entities::database] Database tables initialized successfully
[2025-08-24 14:13:31.351 INFO  workspace::entities::database] Database tables initialized successfully
[2025-08-24 14:13:31.392 INFO  workspace::entities::database] Database indexes created successfully
[2025-08-24 14:13:31.393 INFO  workspace::entities::database] Database indexes created successfully
[2025-08-24 14:13:31.393 INFO  workspace::entities::database] Database tables initialized successfully
[2025-08-24 14:13:31.393 INFO  workspace::entities::database] Database tables initialized successfully
[2025-08-24 14:13:32.096 INFO  ws] Version updated to: 0.57.182017
[2025-08-24 14:13:32.531 INFO  ws] Rendered 1 templates: RELEASE.md
[2025-08-24 14:13:32.531 INFO  ws] Template rendered: RELEASE.md
[2025-08-24 14:13:32.549 INFO  workspace::entities::database] Database indexes created successfully
[2025-08-24 14:13:32.549 INFO  workspace::entities::database] Database indexes created successfully
[2025-08-24 14:13:32.549 INFO  workspace::entities::database] Database tables initialized successfully
[2025-08-24 14:13:32.549 INFO  workspace::entities::database] Database tables initialized successfully
[2025-08-24 14:13:32.996 INFO  workspace::st8::st8_common] Updated project files: /Users/bahram/ws/prj/workspace/Cargo.toml, /Users/bahram/ws/prj/workspace/package.json
[2025-08-24 14:13:32.996 INFO  workspace::st8::st8_common] Updated project files: /Users/bahram/ws/prj/workspace/Cargo.toml, /Users/bahram/ws/prj/workspace/package.json
[2025-08-24 14:13:32.996 INFO  ws] Updated version file: version.txt
[2025-08-24 14:13:33.021 INFO  ws] Added file to git: version.txt
[2025-08-24 14:13:33.035 INFO  ws] Added file to git: RELEASE.md
[2025-08-24 14:13:33.050 INFO  ws] Added file to git: .ws/logs/ws.log
[2025-08-24 14:13:33.063 INFO  ws] Added file to git: .ws/project.db
[2025-08-24 14:13:33.077 INFO  ws] Added file to git: .ws/project.db-shm
[2025-08-24 14:13:33.090 INFO  ws] Added file to git: .ws/project.db-wal
[2025-08-24 14:13:33.103 INFO  ws] Added file to git: .ws/state.json
[2025-08-24 14:13:33.103 INFO  ws] Added 7 files to git staging area: version.txt, RELEASE.md, .ws/logs/ws.log, .ws/project.db, .ws/project.db-shm, .ws/project.db-wal, .ws/state.json
[2025-08-24 14:13:33.103 INFO  workspace::logging] Completed update in 1.78s
[2025-08-24 14:13:33.104 INFO  workspace::logging] Completed update in 1.78s
[2025-08-24 14:13:33.104 INFO  ws] Workspace tool completed successfully
[2025-08-24 14:13:36.656 INFO  workspace::logging] Logging initialized: /Users/bahram/ws/prj/workspace/.ws/logs/ws.log
[2025-08-24 14:13:36.661 INFO  workspace::logging] Logging initialized: /Users/bahram/ws/prj/workspace/.ws/logs/ws.log
[2025-08-24 14:13:36.661 DEBUG workspace::logging] Debug logging enabled, console level: Warn
[2025-08-24 14:13:36.661 DEBUG workspace::logging] Debug logging enabled, console level: Warn
[2025-08-24 14:13:36.661 INFO  workspace::logging] Workspace v0.56.181850
[2025-08-24 14:13:36.661 INFO  workspace::logging] Workspace v0.56.181850
[2025-08-24 14:13:36.661 INFO  ws] Starting workspace tool suite
[2025-08-24 14:13:36.662 INFO  workspace::logging] Starting update: no_git: false, git_add: true
[2025-08-24 14:13:36.662 INFO  workspace::logging] Starting update: no_git: false, git_add: true
[2025-08-24 14:13:36.702 INFO  workspace::entities::database] Database indexes created successfully
[2025-08-24 14:13:36.702 INFO  workspace::entities::database] Database indexes created successfully
[2025-08-24 14:13:36.702 INFO  workspace::entities::database] Database tables initialized successfully
[2025-08-24 14:13:36.702 INFO  workspace::entities::database] Database tables initialized successfully
[2025-08-24 14:13:36.736 INFO  workspace::entities::database] Database indexes created successfully
[2025-08-24 14:13:36.736 INFO  workspace::entities::database] Database indexes created successfully
[2025-08-24 14:13:36.736 INFO  workspace::entities::database] Database tables initialized successfully
[2025-08-24 14:13:36.736 INFO  workspace::entities::database] Database tables initialized successfully
[2025-08-24 14:13:37.272 INFO  ws] Version updated to: 0.58.182102
[2025-08-24 14:13:37.727 INFO  ws] Rendered 1 templates: RELEASE.md
[2025-08-24 14:13:37.727 INFO  ws] Template rendered: RELEASE.md
[2025-08-24 14:13:37.748 INFO  workspace::entities::database] Database indexes created successfully
[2025-08-24 14:13:37.748 INFO  workspace::entities::database] Database indexes created successfully
[2025-08-24 14:13:37.748 INFO  workspace::entities::database] Database tables initialized successfully
[2025-08-24 14:13:37.748 INFO  workspace::entities::database] Database tables initialized successfully
[2025-08-24 14:13:38.424 INFO  workspace::st8::st8_common] Updated project files: /Users/bahram/ws/prj/workspace/Cargo.toml, /Users/bahram/ws/prj/workspace/package.json
[2025-08-24 14:13:38.424 INFO  workspace::st8::st8_common] Updated project files: /Users/bahram/ws/prj/workspace/Cargo.toml, /Users/bahram/ws/prj/workspace/package.json
[2025-08-24 14:13:38.424 INFO  ws] Updated version file: version.txt
[2025-08-24 14:13:38.468 INFO  ws] Added file to git: version.txt
[2025-08-24 14:13:38.489 INFO  ws] Added file to git: RELEASE.md
[2025-08-24 14:13:38.511 INFO  ws] Added file to git: .ws/logs/ws.log
[2025-08-24 14:13:38.530 INFO  ws] Added file to git: .ws/project.db
[2025-08-24 14:13:38.550 INFO  ws] Added file to git: .ws/project.db-shm
[2025-08-24 14:13:38.569 INFO  ws] Added file to git: .ws/project.db-wal
[2025-08-24 14:13:38.587 INFO  ws] Added file to git: .ws/state.json
[2025-08-24 14:13:38.587 INFO  ws] Added 7 files to git staging area: version.txt, RELEASE.md, .ws/logs/ws.log, .ws/project.db, .ws/project.db-shm, .ws/project.db-wal, .ws/state.json
[2025-08-24 14:13:38.588 INFO  workspace::logging] Completed update in 1.93s
[2025-08-24 14:13:38.588 INFO  workspace::logging] Completed update in 1.93s
[2025-08-24 14:13:38.588 INFO  ws] Workspace tool completed successfully
[2025-08-24 14:14:05.431 INFO  workspace::logging] Logging initialized: /Users/bahram/ws/prj/workspace/.ws/logs/ws.log
[2025-08-24 14:14:05.431 INFO  workspace::logging] Logging initialized: /Users/bahram/ws/prj/workspace/.ws/logs/ws.log
[2025-08-24 14:14:05.431 DEBUG workspace::logging] Debug logging enabled, console level: Warn
[2025-08-24 14:14:05.431 DEBUG workspace::logging] Debug logging enabled, console level: Warn
[2025-08-24 14:14:05.431 INFO  workspace::logging] Workspace v0.56.181850
[2025-08-24 14:14:05.431 INFO  workspace::logging] Workspace v0.56.181850
[2025-08-24 14:14:05.431 INFO  ws] Starting workspace tool suite
[2025-08-24 14:14:05.436 INFO  workspace::logging] Starting update: no_git: false, git_add: true
[2025-08-24 14:14:05.436 INFO  workspace::logging] Starting update: no_git: false, git_add: true
[2025-08-24 14:14:05.485 INFO  workspace::entities::database] Database indexes created successfully
[2025-08-24 14:14:05.486 INFO  workspace::entities::database] Database indexes created successfully
[2025-08-24 14:14:05.486 INFO  workspace::entities::database] Database tables initialized successfully
[2025-08-24 14:14:05.486 INFO  workspace::entities::database] Database tables initialized successfully
[2025-08-24 14:14:05.577 INFO  workspace::entities::database] Database indexes created successfully
[2025-08-24 14:14:05.577 INFO  workspace::entities::database] Database indexes created successfully
[2025-08-24 14:14:05.577 INFO  workspace::entities::database] Database tables initialized successfully
[2025-08-24 14:14:05.577 INFO  workspace::entities::database] Database tables initialized successfully
[2025-08-24 14:14:06.484 INFO  ws] Version updated to: 0.58.182102
[2025-08-24 14:14:07.136 INFO  ws] Rendered 1 templates: RELEASE.md
[2025-08-24 14:14:07.136 INFO  ws] Template rendered: RELEASE.md
[2025-08-24 14:14:07.178 INFO  workspace::entities::database] Database indexes created successfully
[2025-08-24 14:14:07.178 INFO  workspace::entities::database] Database indexes created successfully
[2025-08-24 14:14:07.178 INFO  workspace::entities::database] Database tables initialized successfully
[2025-08-24 14:14:07.178 INFO  workspace::entities::database] Database tables initialized successfully
[2025-08-24 14:14:07.715 INFO  workspace::st8::st8_common] Version 0.58.182102 is already up to date
[2025-08-24 14:14:07.716 INFO  workspace::st8::st8_common] Version 0.58.182102 is already up to date
[2025-08-24 14:14:07.716 INFO  ws] Updated version file: version.txt
[2025-08-24 14:14:07.749 INFO  ws] Added file to git: version.txt
[2025-08-24 14:14:07.767 INFO  ws] Added file to git: RELEASE.md
[2025-08-24 14:14:07.786 INFO  ws] Added file to git: .ws/logs/ws.log
[2025-08-24 14:14:07.801 INFO  ws] Added file to git: .ws/project.db
[2025-08-24 14:14:07.820 INFO  ws] Added file to git: .ws/project.db-shm
[2025-08-24 14:14:07.839 INFO  ws] Added file to git: .ws/project.db-wal
[2025-08-24 14:14:07.859 INFO  ws] Added file to git: .ws/state.json
[2025-08-24 14:14:07.859 INFO  ws] Added 7 files to git staging area: version.txt, RELEASE.md, .ws/logs/ws.log, .ws/project.db, .ws/project.db-shm, .ws/project.db-wal, .ws/state.json
[2025-08-24 14:14:07.860 INFO  workspace::logging] Completed update in 2.43s
[2025-08-24 14:14:07.860 INFO  workspace::logging] Completed update in 2.43s
[2025-08-24 14:14:07.860 INFO  ws] Workspace tool completed successfully
[2025-08-24 15:09:06.740 INFO  workspace::logging] Logging initialized: /Users/bahram/ws/prj/workspace/.ws/logs/ws.log
[2025-08-24 15:09:06.742 INFO  workspace::logging] Logging initialized: /Users/bahram/ws/prj/workspace/.ws/logs/ws.log
[2025-08-24 15:09:06.742 DEBUG workspace::logging] Debug logging enabled, console level: Warn
[2025-08-24 15:09:06.743 DEBUG workspace::logging] Debug logging enabled, console level: Warn
[2025-08-24 15:09:06.743 INFO  workspace::logging] Workspace v0.56.181850
[2025-08-24 15:09:06.743 INFO  workspace::logging] Workspace v0.56.181850
[2025-08-24 15:09:06.743 INFO  ws] Starting workspace tool suite
[2025-08-24 15:09:06.766 INFO  workspace::logging] Starting update: no_git: false, git_add: true
[2025-08-24 15:09:06.766 INFO  workspace::logging] Starting update: no_git: false, git_add: true
[2025-08-24 15:09:06.877 INFO  workspace::entities::database] Database indexes created successfully
[2025-08-24 15:09:06.878 INFO  workspace::entities::database] Database indexes created successfully
[2025-08-24 15:09:06.878 INFO  workspace::entities::database] Database tables initialized successfully
[2025-08-24 15:09:06.878 INFO  workspace::entities::database] Database tables initialized successfully
[2025-08-24 15:09:06.955 INFO  workspace::entities::database] Database indexes created successfully
[2025-08-24 15:09:06.955 INFO  workspace::entities::database] Database indexes created successfully
[2025-08-24 15:09:06.955 INFO  workspace::entities::database] Database tables initialized successfully
[2025-08-24 15:09:06.955 INFO  workspace::entities::database] Database tables initialized successfully
[2025-08-24 15:09:07.910 INFO  ws] Version updated to: 0.59.182186
[2025-08-24 15:09:08.439 INFO  ws] Rendered 1 templates: RELEASE.md
[2025-08-24 15:09:08.439 INFO  ws] Template rendered: RELEASE.md
[2025-08-24 15:09:08.467 INFO  workspace::entities::database] Database indexes created successfully
[2025-08-24 15:09:08.467 INFO  workspace::entities::database] Database indexes created successfully
[2025-08-24 15:09:08.467 INFO  workspace::entities::database] Database tables initialized successfully
[2025-08-24 15:09:08.467 INFO  workspace::entities::database] Database tables initialized successfully
[2025-08-24 15:09:09.046 INFO  workspace::st8::st8_common] Updated project files: /Users/bahram/ws/prj/workspace/Cargo.toml, /Users/bahram/ws/prj/workspace/package.json
[2025-08-24 15:09:09.046 INFO  workspace::st8::st8_common] Updated project files: /Users/bahram/ws/prj/workspace/Cargo.toml, /Users/bahram/ws/prj/workspace/package.json
[2025-08-24 15:09:09.046 INFO  ws] Updated version file: version.txt
[2025-08-24 15:09:09.073 INFO  ws] Added file to git: version.txt
[2025-08-24 15:09:09.090 INFO  ws] Added file to git: RELEASE.md
[2025-08-24 15:09:09.110 INFO  ws] Added file to git: .ws/logs/ws.log
[2025-08-24 15:09:09.126 INFO  ws] Added file to git: .ws/project.db
[2025-08-24 15:09:09.145 INFO  ws] Added file to git: .ws/project.db-shm
[2025-08-24 15:09:09.161 INFO  ws] Added file to git: .ws/project.db-wal
[2025-08-24 15:09:09.180 INFO  ws] Added file to git: .ws/state.json
[2025-08-24 15:09:09.180 INFO  ws] Added 7 files to git staging area: version.txt, RELEASE.md, .ws/logs/ws.log, .ws/project.db, .ws/project.db-shm, .ws/project.db-wal, .ws/state.json
[2025-08-24 15:09:09.181 INFO  workspace::logging] Completed update in 2.44s
[2025-08-24 15:09:09.181 INFO  workspace::logging] Completed update in 2.44s
[2025-08-24 15:09:09.181 INFO  ws] Workspace tool completed successfully
[2025-08-24 15:09:16.768 INFO  workspace::logging] Logging initialized: /Users/bahram/ws/prj/workspace/.ws/logs/ws.log
[2025-08-24 15:09:16.769 INFO  workspace::logging] Logging initialized: /Users/bahram/ws/prj/workspace/.ws/logs/ws.log
[2025-08-24 15:09:16.769 DEBUG workspace::logging] Debug logging enabled, console level: Warn
[2025-08-24 15:09:16.769 DEBUG workspace::logging] Debug logging enabled, console level: Warn
[2025-08-24 15:09:16.769 INFO  workspace::logging] Workspace v0.56.181850
[2025-08-24 15:09:16.769 INFO  workspace::logging] Workspace v0.56.181850
[2025-08-24 15:09:16.769 INFO  ws] Starting workspace tool suite
[2025-08-24 15:09:16.769 INFO  workspace::logging] Starting update: no_git: false, git_add: true
[2025-08-24 15:09:16.769 INFO  workspace::logging] Starting update: no_git: false, git_add: true
[2025-08-24 15:09:16.815 INFO  workspace::entities::database] Database indexes created successfully
[2025-08-24 15:09:16.815 INFO  workspace::entities::database] Database indexes created successfully
[2025-08-24 15:09:16.815 INFO  workspace::entities::database] Database tables initialized successfully
[2025-08-24 15:09:16.815 INFO  workspace::entities::database] Database tables initialized successfully
[2025-08-24 15:09:16.927 INFO  workspace::entities::database] Database indexes created successfully
[2025-08-24 15:09:16.928 INFO  workspace::entities::database] Database indexes created successfully
[2025-08-24 15:09:16.929 INFO  workspace::entities::database] Database tables initialized successfully
[2025-08-24 15:09:16.929 INFO  workspace::entities::database] Database tables initialized successfully
[2025-08-24 15:09:17.886 INFO  ws] Version updated to: 0.60.182599
[2025-08-24 15:09:18.343 INFO  ws] Rendered 1 templates: RELEASE.md
[2025-08-24 15:09:18.343 INFO  ws] Template rendered: RELEASE.md
[2025-08-24 15:09:18.406 INFO  workspace::entities::database] Database indexes created successfully
[2025-08-24 15:09:18.406 INFO  workspace::entities::database] Database indexes created successfully
[2025-08-24 15:09:18.406 INFO  workspace::entities::database] Database tables initialized successfully
[2025-08-24 15:09:18.406 INFO  workspace::entities::database] Database tables initialized successfully
[2025-08-24 15:09:19.869 INFO  workspace::st8::st8_common] Updated project files: /Users/bahram/ws/prj/workspace/Cargo.toml, /Users/bahram/ws/prj/workspace/package.json
[2025-08-24 15:09:19.869 INFO  workspace::st8::st8_common] Updated project files: /Users/bahram/ws/prj/workspace/Cargo.toml, /Users/bahram/ws/prj/workspace/package.json
[2025-08-24 15:09:19.869 INFO  ws] Updated version file: version.txt
[2025-08-24 15:09:19.915 INFO  ws] Added file to git: version.txt
[2025-08-24 15:09:19.940 INFO  ws] Added file to git: RELEASE.md
[2025-08-24 15:10:25.493 INFO  workspace::logging] Logging initialized: /Users/bahram/ws/prj/workspace/.ws/logs/ws.log
[2025-08-24 15:10:25.495 INFO  workspace::logging] Logging initialized: /Users/bahram/ws/prj/workspace/.ws/logs/ws.log
[2025-08-24 15:10:25.495 DEBUG workspace::logging] Debug logging enabled, console level: Warn
[2025-08-24 15:10:25.495 DEBUG workspace::logging] Debug logging enabled, console level: Warn
[2025-08-24 15:10:25.495 INFO  workspace::logging] Workspace v0.56.181850
[2025-08-24 15:10:25.495 INFO  workspace::logging] Workspace v0.56.181850
[2025-08-24 15:10:25.495 INFO  ws] Starting workspace tool suite
[2025-08-24 15:10:25.502 INFO  workspace::logging] Starting update: no_git: false, git_add: true
[2025-08-24 15:10:25.503 INFO  workspace::logging] Starting update: no_git: false, git_add: true
[2025-08-24 15:10:25.547 INFO  workspace::entities::database] Database indexes created successfully
[2025-08-24 15:10:25.547 INFO  workspace::entities::database] Database indexes created successfully
[2025-08-24 15:10:25.547 INFO  workspace::entities::database] Database tables initialized successfully
[2025-08-24 15:10:25.547 INFO  workspace::entities::database] Database tables initialized successfully
[2025-08-24 15:10:25.610 INFO  workspace::entities::database] Database indexes created successfully
[2025-08-24 15:10:25.610 INFO  workspace::entities::database] Database indexes created successfully
[2025-08-24 15:10:25.610 INFO  workspace::entities::database] Database tables initialized successfully
[2025-08-24 15:10:25.610 INFO  workspace::entities::database] Database tables initialized successfully
[2025-08-24 15:10:27.002 INFO  ws] Version updated to: 0.61.182643
[2025-08-24 15:10:27.852 INFO  ws] Rendered 1 templates: RELEASE.md
[2025-08-24 15:10:27.852 INFO  ws] Template rendered: RELEASE.md
[2025-08-24 15:10:27.899 INFO  workspace::entities::database] Database indexes created successfully
[2025-08-24 15:10:27.899 INFO  workspace::entities::database] Database indexes created successfully
[2025-08-24 15:10:27.899 INFO  workspace::entities::database] Database tables initialized successfully
[2025-08-24 15:10:27.899 INFO  workspace::entities::database] Database tables initialized successfully
[2025-08-24 15:10:28.874 INFO  workspace::st8::st8_common] Updated project files: /Users/bahram/ws/prj/workspace/Cargo.toml, /Users/bahram/ws/prj/workspace/package.json
[2025-08-24 15:10:28.875 INFO  workspace::st8::st8_common] Updated project files: /Users/bahram/ws/prj/workspace/Cargo.toml, /Users/bahram/ws/prj/workspace/package.json
[2025-08-24 15:10:28.875 INFO  ws] Updated version file: version.txt
[2025-08-24 15:10:28.922 INFO  ws] Added file to git: version.txt
[2025-08-24 15:10:29.047 INFO  ws] Added file to git: RELEASE.md
